<?xml version="1.0" encoding="UTF-8"?>
<!-- Generated by org.testng.reporters.JUnitReportReporter -->
<testsuite hostname="DESKTOP-HCKIUS8" failures="0" tests="1" name="com.demoqa.tests.LoginTests" time="9.302" errors="0" timestamp="2024-07-04T18:15:44 CEST" skipped="0">
  <testcase classname="com.demoqa.tests.LoginTests" name="loginPositiveTest" time="9.302"/>
</testsuite> <!-- com.demoqa.tests.LoginTests -->
